Microsoft (R) SQL Server Execute Package Utility
Version 10.50.6000.34 for 32-bit
Copyright (C) Microsoft Corporation 2010. All rights reserved.

Started:  10:01:36 AM
Info: 2016-08-18 10:01:37.47
   Code: 0x40016041
   Source: AD_ProjOrgEmp_AddUpdate 
   Description: The package is attempting to configure from the XML file "C:\SSIS-Soln\HRimportToILM\HRimportToILM\Config\FIMSSISImportConfigConnection.dtsConfig".
End Info
Info: 2016-08-18 10:01:37.49
   Code: 0x40016041
   Source: AD_ProjOrgEmp_AddUpdate 
   Description: The package is attempting to configure from the XML file "C:\SSIS-Soln\HRimportToILM\HRimportToILM\Config\FIMSSISImportConfigConnection.dtsConfig".
End Info
Info: 2016-08-18 10:01:37.49
   Code: 0x4004300A
   Source: Import Oracle Organization SSIS.Pipeline
   Description: Validation phase is beginning.
End Info
Info: 2016-08-18 10:01:37.76
   Code: 0x40043006
   Source: Import Oracle Organization SSIS.Pipeline
   Description: Prepare for Execute phase is beginning.
End Info
Info: 2016-08-18 10:01:37.86
   Code: 0x40043007
   Source: Import Oracle Organization SSIS.Pipeline
   Description: Pre-Execute phase is beginning.
End Info
Info: 2016-08-18 10:01:37.90
   Code: 0x400490F4
   Source: Import Oracle Organization Lookup [2491]
   Description: component "Lookup" (2491) has cached 2730 rows.
End Info
Info: 2016-08-18 10:01:37.90
   Code: 0x400490F5
   Source: Import Oracle Organization Lookup [2491]
   Description: component "Lookup" (2491) has cached a total of 4486 rows.
End Info
Info: 2016-08-18 10:01:37.90
   Code: 0x402090E2
   Source: Import Oracle Organization Lookup [2491]
   Description: The component "Lookup" (2491) processed 4486 rows in the cache. The processing time was 0.016 seconds. The cache used 192898 bytes of memory.
End Info
Info: 2016-08-18 10:01:37.91
   Code: 0x4020F42C
   Source: Import Oracle Organization OLE DB Insert Structure Destination [73]
   Description: The Maximum insert commit size property of the OLE DB destination "component "OLE DB Insert Structure Destination" (73)" is set to 0. This property setting can cause the running package to stop responding. For more information, see the F1 Help topic for OLE DB Destination Editor (Connection Manager Page).
End Info
Info: 2016-08-18 10:01:37.91
   Code: 0x4004300C
   Source: Import Oracle Organization SSIS.Pipeline
   Description: Execute phase is beginning.
End Info
DataFlow: 2016-08-18 10:01:38.35
   Source: Import Oracle Organization 
   Component "Data Conversion to UNICODE" (255) will receive 4369 rows on input "Data Conversion Input" (256)
End DataFlow
DataFlow: 2016-08-18 10:01:38.36
   Source: Import Oracle Organization 
   Component "Data Conversion to 1252" (261) will receive 4369 rows on input "Data Conversion Input" (262)
End DataFlow
DataFlow: 2016-08-18 10:01:38.36
   Source: Import Oracle Organization 
   Component "Data Conversion to UNICODE" (255) will receive 114 rows on input "Data Conversion Input" (256)
End DataFlow
DataFlow: 2016-08-18 10:01:38.36
   Source: Import Oracle Organization 
   Component "Data Conversion to UNICODE" (255) was given end of rowset on input "Data Conversion Input" (256)
End DataFlow
DataFlow: 2016-08-18 10:01:38.36
   Source: Import Oracle Organization 
   Component "Data Conversion to UNICODE" (255) will receive 0 rows on input "Data Conversion Input" (256)
End DataFlow
DataFlow: 2016-08-18 10:01:38.36
   Source: Import Oracle Organization 
   Component "Lookup" (2491) will receive 4369 rows on input "Lookup Input" (2492)
End DataFlow
DataFlow: 2016-08-18 10:01:38.36
   Source: Import Oracle Organization 
   Component "Data Conversion to 1252" (261) will receive 114 rows on input "Data Conversion Input" (262)
End DataFlow
DataFlow: 2016-08-18 10:01:38.36
   Source: Import Oracle Organization 
   Component "Data Conversion to 1252" (261) was given end of rowset on input "Data Conversion Input" (262)
End DataFlow
DataFlow: 2016-08-18 10:01:38.36
   Source: Import Oracle Organization 
   Component "Data Conversion to 1252" (261) will receive 0 rows on input "Data Conversion Input" (262)
End DataFlow
DataFlow: 2016-08-18 10:01:38.36
   Source: Import Oracle Organization 
   Component "OLE DB Update Stucture Command" (2481) will receive 4369 rows on input "OLE DB Command Input" (2486)
End DataFlow
DataFlow: 2016-08-18 10:01:38.36
   Source: Import Oracle Organization 
   Component "Lookup" (2491) will receive 114 rows on input "Lookup Input" (2492)
End DataFlow
DataFlow: 2016-08-18 10:01:38.68
   Source: Import Oracle Organization 
   Component "Lookup" (2491) was given end of rowset on input "Lookup Input" (2492)
End DataFlow
DataFlow: 2016-08-18 10:01:38.68
   Source: Import Oracle Organization 
   Component "Lookup" (2491) will receive 0 rows on input "Lookup Input" (2492)
End DataFlow
DataFlow: 2016-08-18 10:01:38.68
   Source: Import Oracle Organization 
   Component "OLE DB Insert Structure Destination" (73) was given end of rowset on input "OLE DB Destination Input" (86)
End DataFlow
DataFlow: 2016-08-18 10:01:38.68
   Source: Import Oracle Organization 
   Component "OLE DB Insert Structure Destination" (73) will receive 0 rows on input "OLE DB Destination Input" (86)
End DataFlow
Info: 2016-08-18 10:01:38.68
   Code: 0x402090DF
   Source: Import Oracle Organization OLE DB Insert Structure Destination [73]
   Description: The final commit for the data insertion in "component "OLE DB Insert Structure Destination" (73)" has started.
End Info
Info: 2016-08-18 10:01:38.68
   Code: 0x402090E0
   Source: Import Oracle Organization OLE DB Insert Structure Destination [73]
   Description: The final commit for the data insertion  in "component "OLE DB Insert Structure Destination" (73)" has ended.
End Info
DataFlow: 2016-08-18 10:01:47.62
   Source: Import Oracle Organization 
   Component "OLE DB Update Stucture Command" (2481) will receive 114 rows on input "OLE DB Command Input" (2486)
End DataFlow
DataFlow: 2016-08-18 10:01:47.85
   Source: Import Oracle Organization 
   Component "OLE DB Update Stucture Command" (2481) was given end of rowset on input "OLE DB Command Input" (2486)
End DataFlow
DataFlow: 2016-08-18 10:01:47.85
   Source: Import Oracle Organization 
   Component "OLE DB Update Stucture Command" (2481) will receive 0 rows on input "OLE DB Command Input" (2486)
End DataFlow
Info: 2016-08-18 10:01:47.85
   Code: 0x40043008
   Source: Import Oracle Organization SSIS.Pipeline
   Description: Post Execute phase is beginning.
End Info
Info: 2016-08-18 10:01:47.85
   Code: 0x4004300B
   Source: Import Oracle Organization SSIS.Pipeline
   Description: "component "OLE DB Insert Structure Destination" (73)" wrote 0 rows.
End Info
Info: 2016-08-18 10:01:47.85
   Code: 0x40043009
   Source: Import Oracle Organization SSIS.Pipeline
   Description: Cleanup phase is beginning.
End Info
Info: 2016-08-18 10:01:47.85
   Code: 0x4004300A
   Source: Import Oracle Locations SSIS.Pipeline
   Description: Validation phase is beginning.
End Info
Warning: 2016-08-18 10:01:48.04
   Code: 0x80047076
   Source: Import Oracle Locations SSIS.Pipeline
   Description: The output column "INACTIVE_DATE_2" (4767) on output "Data Conversion Output" (1097) and component "Data Conversion to 1252" (1095) is not subsequently used in the Data Flow task. Removing this unused output column can increase Data Flow task performance.
End Warning
Info: 2016-08-18 10:01:48.04
   Code: 0x40043006
   Source: Import Oracle Locations SSIS.Pipeline
   Description: Prepare for Execute phase is beginning.
End Info
Info: 2016-08-18 10:01:48.21
   Code: 0x40043007
   Source: Import Oracle Locations SSIS.Pipeline
   Description: Pre-Execute phase is beginning.
End Info
Info: 2016-08-18 10:01:48.22
   Code: 0x4004300C
   Source: Import Oracle Locations SSIS.Pipeline
   Description: Execute phase is beginning.
End Info
DataFlow: 2016-08-18 10:01:48.30
   Source: Import Oracle Locations 
   Component "Data Conversion to UNI" (1089) will receive 573 rows on input "Data Conversion Input" (1090)
End DataFlow
DataFlow: 2016-08-18 10:01:48.30
   Source: Import Oracle Locations 
   Component "Data Conversion to 1252" (1095) will receive 573 rows on input "Data Conversion Input" (1096)
End DataFlow
DataFlow: 2016-08-18 10:01:48.30
   Source: Import Oracle Locations 
   Component "Data Conversion to UNI" (1089) was given end of rowset on input "Data Conversion Input" (1090)
End DataFlow
DataFlow: 2016-08-18 10:01:48.55
   Source: Import Oracle Locations 
   Component "Data Conversion to UNI" (1089) will receive 0 rows on input "Data Conversion Input" (1090)
End DataFlow
DataFlow: 2016-08-18 10:01:48.55
   Source: Import Oracle Locations 
   Component "Data Conversion to 1252" (1095) was given end of rowset on input "Data Conversion Input" (1096)
End DataFlow
DataFlow: 2016-08-18 10:01:48.55
   Source: Import Oracle Locations 
   Component "Data Conversion to 1252" (1095) will receive 0 rows on input "Data Conversion Input" (1096)
End DataFlow
DataFlow: 2016-08-18 10:01:48.55
   Source: Import Oracle Locations 
   Component "Derived Column" (1835) will receive 573 rows on input "Derived Column Input" (1836)
End DataFlow
DataFlow: 2016-08-18 10:01:48.55
   Source: Import Oracle Locations 
   Component "Lookup" (2539) will receive 573 rows on input "Lookup Input" (2540)
End DataFlow
DataFlow: 2016-08-18 10:01:48.55
   Source: Import Oracle Locations 
   Component "Derived Column" (1835) was given end of rowset on input "Derived Column Input" (1836)
End DataFlow
DataFlow: 2016-08-18 10:01:48.55
   Source: Import Oracle Locations 
   Component "Derived Column" (1835) will receive 0 rows on input "Derived Column Input" (1836)
End DataFlow
DataFlow: 2016-08-18 10:01:48.80
   Source: Import Oracle Locations 
   Component "Lookup" (2539) was given end of rowset on input "Lookup Input" (2540)
End DataFlow
DataFlow: 2016-08-18 10:01:48.80
   Source: Import Oracle Locations 
   Component "OLE DB Update Location Table Command" (2509) will receive 573 rows on input "OLE DB Command Input" (2514)
End DataFlow
DataFlow: 2016-08-18 10:01:48.80
   Source: Import Oracle Locations 
   Component "Lookup" (2539) will receive 0 rows on input "Lookup Input" (2540)
End DataFlow
DataFlow: 2016-08-18 10:01:48.80
   Source: Import Oracle Locations 
   Component "OLE DB Insert Location  (Destination)" (1018) was given end of rowset on input "OLE DB Destination Input" (1031)
End DataFlow
DataFlow: 2016-08-18 10:01:48.80
   Source: Import Oracle Locations 
   Component "OLE DB Insert Location  (Destination)" (1018) will receive 0 rows on input "OLE DB Destination Input" (1031)
End DataFlow
DataFlow: 2016-08-18 10:01:49.30
   Source: Import Oracle Locations 
   Component "OLE DB Update Location Table Command" (2509) was given end of rowset on input "OLE DB Command Input" (2514)
End DataFlow
DataFlow: 2016-08-18 10:01:49.30
   Source: Import Oracle Locations 
   Component "OLE DB Update Location Table Command" (2509) will receive 0 rows on input "OLE DB Command Input" (2514)
End DataFlow
Info: 2016-08-18 10:01:49.32
   Code: 0x40043008
   Source: Import Oracle Locations SSIS.Pipeline
   Description: Post Execute phase is beginning.
End Info
Info: 2016-08-18 10:01:49.32
   Code: 0x4004300B
   Source: Import Oracle Locations SSIS.Pipeline
   Description: "component "OLE DB Insert Location  (Destination)" (1018)" wrote 0 rows.
End Info
Info: 2016-08-18 10:01:49.32
   Code: 0x40043009
   Source: Import Oracle Locations SSIS.Pipeline
   Description: Cleanup phase is beginning.
End Info
Info: 2016-08-18 10:02:10.60
   Code: 0x4004300A
   Source: Data Flow Task SSIS.Pipeline
   Description: Validation phase is beginning.
End Info
Warning: 2016-08-18 10:02:10.69
   Code: 0x80202066
   Source: Data Flow Task OLE DB Source [375]
   Description: Cannot retrieve the column code page info from the OLE DB provider.  If the component supports the "DefaultCodePage" property, the code page from that property will be used.  Change the value of the property if the current string code page values are incorrect.  If the component does not support the property, the code page from the component's locale ID will be used.
End Warning
Warning: 2016-08-18 10:02:10.74
   Code: 0x802092A7
   Source: Data Flow Task OLE DB Destination [390]
   Description: Truncation may occur due to inserting data from data flow column "EMPLOYEE_NUMBER_STR" with a length of 30 to database column "EMPLOYEE_NUMBER" with a length of 20.
End Warning
Info: 2016-08-18 10:02:10.99
   Code: 0x40043006
   Source: Data Flow Task SSIS.Pipeline
   Description: Prepare for Execute phase is beginning.
End Info
Info: 2016-08-18 10:02:11.09
   Code: 0x40043007
   Source: Data Flow Task SSIS.Pipeline
   Description: Pre-Execute phase is beginning.
End Info
Warning: 2016-08-18 10:02:11.11
   Code: 0x80202066
   Source: Data Flow Task OLE DB Source [375]
   Description: Cannot retrieve the column code page info from the OLE DB provider.  If the component supports the "DefaultCodePage" property, the code page from that property will be used.  Change the value of the property if the current string code page values are incorrect.  If the component does not support the property, the code page from the component's locale ID will be used.
End Warning
Info: 2016-08-18 10:02:11.13
   Code: 0x4004300C
   Source: Data Flow Task SSIS.Pipeline
   Description: Execute phase is beginning.
End Info
DataFlow: 2016-08-18 10:02:21.27
   Source: Data Flow Task 
   Component "Data Conversion to UNI" (523) will receive 499 rows on input "Data Conversion Input" (524)
End DataFlow
DataFlow: 2016-08-18 10:02:21.28
   Source: Data Flow Task 
   Component "Data Conversion to 1252" (529) will receive 499 rows on input "Data Conversion Input" (530)
End DataFlow
DataFlow: 2016-08-18 10:02:21.28
   Source: Data Flow Task 
   Component "OLE DB Destination" (390) will receive 499 rows on input "OLE DB Destination Input" (403)
End DataFlow
DataFlow: 2016-08-18 10:02:21.41
   Source: Data Flow Task 
   Component "Data Conversion to UNI" (523) will receive 499 rows on input "Data Conversion Input" (524)
End DataFlow
DataFlow: 2016-08-18 10:02:21.41
   Source: Data Flow Task 
   Component "Data Conversion to 1252" (529) will receive 499 rows on input "Data Conversion Input" (530)
End DataFlow
DataFlow: 2016-08-18 10:02:21.41
   Source: Data Flow Task 
   Component "OLE DB Destination" (390) will receive 499 rows on input "OLE DB Destination Input" (403)
End DataFlow
DataFlow: 2016-08-18 10:02:21.52
   Source: Data Flow Task 
   Component "Data Conversion to UNI" (523) will receive 499 rows on input "Data Conversion Input" (524)
End DataFlow
DataFlow: 2016-08-18 10:02:21.52
   Source: Data Flow Task 
   Component "Data Conversion to 1252" (529) will receive 499 rows on input "Data Conversion Input" (530)
End DataFlow
DataFlow: 2016-08-18 10:02:21.52
   Source: Data Flow Task 
   Component "OLE DB Destination" (390) will receive 499 rows on input "OLE DB Destination Input" (403)
End DataFlow
DataFlow: 2016-08-18 10:02:21.62
   Source: Data Flow Task 
   Component "Data Conversion to UNI" (523) will receive 499 rows on input "Data Conversion Input" (524)
End DataFlow
DataFlow: 2016-08-18 10:02:21.62
   Source: Data Flow Task 
   Component "Data Conversion to 1252" (529) will receive 499 rows on input "Data Conversion Input" (530)
End DataFlow
DataFlow: 2016-08-18 10:02:21.62
   Source: Data Flow Task 
   Component "OLE DB Destination" (390) will receive 499 rows on input "OLE DB Destination Input" (403)
End DataFlow
DataFlow: 2016-08-18 10:02:21.70
   Source: Data Flow Task 
   Component "Data Conversion to UNI" (523) will receive 499 rows on input "Data Conversion Input" (524)
End DataFlow
DataFlow: 2016-08-18 10:02:21.70
   Source: Data Flow Task 
   Component "Data Conversion to 1252" (529) will receive 499 rows on input "Data Conversion Input" (530)
End DataFlow
DataFlow: 2016-08-18 10:02:21.70
   Source: Data Flow Task 
   Component "OLE DB Destination" (390) will receive 499 rows on input "OLE DB Destination Input" (403)
End DataFlow
DataFlow: 2016-08-18 10:02:21.81
   Source: Data Flow Task 
   Component "Data Conversion to UNI" (523) will receive 499 rows on input "Data Conversion Input" (524)
End DataFlow
DataFlow: 2016-08-18 10:02:21.81
   Source: Data Flow Task 
   Component "Data Conversion to 1252" (529) will receive 499 rows on input "Data Conversion Input" (530)
End DataFlow
DataFlow: 2016-08-18 10:02:21.95
   Source: Data Flow Task 
   Component "Data Conversion to UNI" (523) will receive 499 rows on input "Data Conversion Input" (524)
End DataFlow
DataFlow: 2016-08-18 10:02:22.06
   Source: Data Flow Task 
   Component "OLE DB Destination" (390) will receive 499 rows on input "OLE DB Destination Input" (403)
End DataFlow
DataFlow: 2016-08-18 10:02:22.06
   Source: Data Flow Task 
   Component "Data Conversion to 1252" (529) will receive 499 rows on input "Data Conversion Input" (530)
End DataFlow
DataFlow: 2016-08-18 10:02:22.08
   Source: Data Flow Task 
   Component "OLE DB Destination" (390) will receive 499 rows on input "OLE DB Destination Input" (403)
End DataFlow
DataFlow: 2016-08-18 10:02:22.09
   Source: Data Flow Task 
   Component "Data Conversion to UNI" (523) will receive 499 rows on input "Data Conversion Input" (524)
End DataFlow
DataFlow: 2016-08-18 10:02:22.09
   Source: Data Flow Task 
   Component "Data Conversion to 1252" (529) will receive 499 rows on input "Data Conversion Input" (530)
End DataFlow
DataFlow: 2016-08-18 10:02:22.09
   Source: Data Flow Task 
   Component "OLE DB Destination" (390) will receive 499 rows on input "OLE DB Destination Input" (403)
End DataFlow
DataFlow: 2016-08-18 10:02:22.22
   Source: Data Flow Task 
   Component "Data Conversion to UNI" (523) will receive 499 rows on input "Data Conversion Input" (524)
End DataFlow
DataFlow: 2016-08-18 10:02:22.23
   Source: Data Flow Task 
   Component "Data Conversion to 1252" (529) will receive 499 rows on input "Data Conversion Input" (530)
End DataFlow
DataFlow: 2016-08-18 10:02:22.23
   Source: Data Flow Task 
   Component "OLE DB Destination" (390) will receive 499 rows on input "OLE DB Destination Input" (403)
End DataFlow
DataFlow: 2016-08-18 10:02:22.33
   Source: Data Flow Task 
   Component "Data Conversion to UNI" (523) will receive 499 rows on input "Data Conversion Input" (524)
End DataFlow
DataFlow: 2016-08-18 10:02:22.34
   Source: Data Flow Task 
   Component "Data Conversion to 1252" (529) will receive 499 rows on input "Data Conversion Input" (530)
End DataFlow
DataFlow: 2016-08-18 10:02:22.34
   Source: Data Flow Task 
   Component "OLE DB Destination" (390) will receive 499 rows on input "OLE DB Destination Input" (403)
End DataFlow
DataFlow: 2016-08-18 10:02:22.44
   Source: Data Flow Task 
   Component "Data Conversion to UNI" (523) will receive 499 rows on input "Data Conversion Input" (524)
End DataFlow
DataFlow: 2016-08-18 10:02:22.45
   Source: Data Flow Task 
   Component "Data Conversion to 1252" (529) will receive 499 rows on input "Data Conversion Input" (530)
End DataFlow
DataFlow: 2016-08-18 10:02:22.45
   Source: Data Flow Task 
   Component "OLE DB Destination" (390) will receive 499 rows on input "OLE DB Destination Input" (403)
End DataFlow
DataFlow: 2016-08-18 10:02:22.56
   Source: Data Flow Task 
   Component "Data Conversion to UNI" (523) will receive 499 rows on input "Data Conversion Input" (524)
End DataFlow
DataFlow: 2016-08-18 10:02:22.56
   Source: Data Flow Task 
   Component "Data Conversion to 1252" (529) will receive 499 rows on input "Data Conversion Input" (530)
End DataFlow
DataFlow: 2016-08-18 10:02:22.56
   Source: Data Flow Task 
   Component "OLE DB Destination" (390) will receive 499 rows on input "OLE DB Destination Input" (403)
End DataFlow
DataFlow: 2016-08-18 10:02:22.70
   Source: Data Flow Task 
   Component "Data Conversion to UNI" (523) will receive 499 rows on input "Data Conversion Input" (524)
End DataFlow
DataFlow: 2016-08-18 10:02:22.70
   Source: Data Flow Task 
   Component "Data Conversion to 1252" (529) will receive 499 rows on input "Data Conversion Input" (530)
End DataFlow
DataFlow: 2016-08-18 10:02:22.72
   Source: Data Flow Task 
   Component "OLE DB Destination" (390) will receive 499 rows on input "OLE DB Destination Input" (403)
End DataFlow
DataFlow: 2016-08-18 10:02:22.83
   Source: Data Flow Task 
   Component "Data Conversion to UNI" (523) will receive 499 rows on input "Data Conversion Input" (524)
End DataFlow
DataFlow: 2016-08-18 10:02:23.08
   Source: Data Flow Task 
   Component "Data Conversion to UNI" (523) will receive 499 rows on input "Data Conversion Input" (524)
End DataFlow
DataFlow: 2016-08-18 10:02:23.08
   Source: Data Flow Task 
   Component "Data Conversion to 1252" (529) will receive 499 rows on input "Data Conversion Input" (530)
End DataFlow
DataFlow: 2016-08-18 10:02:23.08
   Source: Data Flow Task 
   Component "Data Conversion to 1252" (529) will receive 499 rows on input "Data Conversion Input" (530)
End DataFlow
DataFlow: 2016-08-18 10:02:23.08
   Source: Data Flow Task 
   Component "OLE DB Destination" (390) will receive 499 rows on input "OLE DB Destination Input" (403)
End DataFlow
DataFlow: 2016-08-18 10:02:23.09
   Source: Data Flow Task 
   Component "Data Conversion to UNI" (523) will receive 499 rows on input "Data Conversion Input" (524)
End DataFlow
DataFlow: 2016-08-18 10:02:23.09
   Source: Data Flow Task 
   Component "OLE DB Destination" (390) will receive 499 rows on input "OLE DB Destination Input" (403)
End DataFlow
DataFlow: 2016-08-18 10:02:23.09
   Source: Data Flow Task 
   Component "Data Conversion to 1252" (529) will receive 499 rows on input "Data Conversion Input" (530)
End DataFlow
DataFlow: 2016-08-18 10:02:23.09
   Source: Data Flow Task 
   Component "OLE DB Destination" (390) will receive 499 rows on input "OLE DB Destination Input" (403)
End DataFlow
DataFlow: 2016-08-18 10:02:23.20
   Source: Data Flow Task 
   Component "Data Conversion to UNI" (523) will receive 499 rows on input "Data Conversion Input" (524)
End DataFlow
DataFlow: 2016-08-18 10:02:23.20
   Source: Data Flow Task 
   Component "Data Conversion to 1252" (529) will receive 499 rows on input "Data Conversion Input" (530)
End DataFlow
DataFlow: 2016-08-18 10:02:23.22
   Source: Data Flow Task 
   Component "OLE DB Destination" (390) will receive 499 rows on input "OLE DB Destination Input" (403)
End DataFlow
DataFlow: 2016-08-18 10:02:23.31
   Source: Data Flow Task 
   Component "Data Conversion to UNI" (523) will receive 499 rows on input "Data Conversion Input" (524)
End DataFlow
DataFlow: 2016-08-18 10:02:23.31
   Source: Data Flow Task 
   Component "Data Conversion to 1252" (529) will receive 499 rows on input "Data Conversion Input" (530)
End DataFlow
DataFlow: 2016-08-18 10:02:23.33
   Source: Data Flow Task 
   Component "OLE DB Destination" (390) will receive 499 rows on input "OLE DB Destination Input" (403)
End DataFlow
DataFlow: 2016-08-18 10:02:23.47
   Source: Data Flow Task 
   Component "Data Conversion to UNI" (523) will receive 499 rows on input "Data Conversion Input" (524)
End DataFlow
DataFlow: 2016-08-18 10:02:23.47
   Source: Data Flow Task 
   Component "Data Conversion to 1252" (529) will receive 499 rows on input "Data Conversion Input" (530)
End DataFlow
DataFlow: 2016-08-18 10:02:23.47
   Source: Data Flow Task 
   Component "OLE DB Destination" (390) will receive 499 rows on input "OLE DB Destination Input" (403)
End DataFlow
DataFlow: 2016-08-18 10:02:23.59
   Source: Data Flow Task 
   Component "Data Conversion to UNI" (523) will receive 499 rows on input "Data Conversion Input" (524)
End DataFlow
DataFlow: 2016-08-18 10:02:23.59
   Source: Data Flow Task 
   Component "Data Conversion to 1252" (529) will receive 499 rows on input "Data Conversion Input" (530)
End DataFlow
DataFlow: 2016-08-18 10:02:23.59
   Source: Data Flow Task 
   Component "OLE DB Destination" (390) will receive 499 rows on input "OLE DB Destination Input" (403)
End DataFlow
DataFlow: 2016-08-18 10:02:23.70
   Source: Data Flow Task 
   Component "Data Conversion to UNI" (523) will receive 499 rows on input "Data Conversion Input" (524)
End DataFlow
DataFlow: 2016-08-18 10:02:23.70
   Source: Data Flow Task 
   Component "Data Conversion to 1252" (529) will receive 499 rows on input "Data Conversion Input" (530)
End DataFlow
DataFlow: 2016-08-18 10:02:23.70
   Source: Data Flow Task 
   Component "OLE DB Destination" (390) will receive 499 rows on input "OLE DB Destination Input" (403)
End DataFlow
DataFlow: 2016-08-18 10:02:23.82
   Source: Data Flow Task 
   Component "Data Conversion to UNI" (523) will receive 499 rows on input "Data Conversion Input" (524)
End DataFlow
DataFlow: 2016-08-18 10:02:24.00
   Source: Data Flow Task 
   Component "Data Conversion to 1252" (529) will receive 499 rows on input "Data Conversion Input" (530)
End DataFlow
DataFlow: 2016-08-18 10:02:24.00
   Source: Data Flow Task 
   Component "Data Conversion to UNI" (523) will receive 329 rows on input "Data Conversion Input" (524)
End DataFlow
DataFlow: 2016-08-18 10:02:24.00
   Source: Data Flow Task 
   Component "Data Conversion to UNI" (523) was given end of rowset on input "Data Conversion Input" (524)
End DataFlow
DataFlow: 2016-08-18 10:02:24.00
   Source: Data Flow Task 
   Component "Data Conversion to UNI" (523) will receive 0 rows on input "Data Conversion Input" (524)
End DataFlow
DataFlow: 2016-08-18 10:02:24.00
   Source: Data Flow Task 
   Component "Data Conversion to 1252" (529) will receive 329 rows on input "Data Conversion Input" (530)
End DataFlow
DataFlow: 2016-08-18 10:02:24.00
   Source: Data Flow Task 
   Component "OLE DB Destination" (390) will receive 499 rows on input "OLE DB Destination Input" (403)
End DataFlow
DataFlow: 2016-08-18 10:02:24.00
   Source: Data Flow Task 
   Component "Data Conversion to 1252" (529) was given end of rowset on input "Data Conversion Input" (530)
End DataFlow
DataFlow: 2016-08-18 10:02:24.00
   Source: Data Flow Task 
   Component "Data Conversion to 1252" (529) will receive 0 rows on input "Data Conversion Input" (530)
End DataFlow
DataFlow: 2016-08-18 10:02:24.01
   Source: Data Flow Task 
   Component "OLE DB Destination" (390) will receive 329 rows on input "OLE DB Destination Input" (403)
End DataFlow
DataFlow: 2016-08-18 10:02:24.01
   Source: Data Flow Task 
   Component "OLE DB Destination" (390) was given end of rowset on input "OLE DB Destination Input" (403)
End DataFlow
DataFlow: 2016-08-18 10:02:24.01
   Source: Data Flow Task 
   Component "OLE DB Destination" (390) will receive 0 rows on input "OLE DB Destination Input" (403)
End DataFlow
Info: 2016-08-18 10:02:24.01
   Code: 0x402090DF
   Source: Data Flow Task OLE DB Destination [390]
   Description: The final commit for the data insertion in "component "OLE DB Destination" (390)" has started.
End Info
Info: 2016-08-18 10:02:24.01
   Code: 0x402090E0
   Source: Data Flow Task OLE DB Destination [390]
   Description: The final commit for the data insertion  in "component "OLE DB Destination" (390)" has ended.
End Info
Info: 2016-08-18 10:02:24.01
   Code: 0x40043008
   Source: Data Flow Task SSIS.Pipeline
   Description: Post Execute phase is beginning.
End Info
Info: 2016-08-18 10:02:24.03
   Code: 0x4004300B
   Source: Data Flow Task SSIS.Pipeline
   Description: "component "OLE DB Destination" (390)" wrote 11307 rows.
End Info
Info: 2016-08-18 10:02:24.03
   Code: 0x40043009
   Source: Data Flow Task SSIS.Pipeline
   Description: Cleanup phase is beginning.
End Info
Info: 2016-08-18 10:02:24.06
   Code: 0x4004300A
   Source: Import Oracle Employee Data SSIS.Pipeline
   Description: Validation phase is beginning.
End Info
Info: 2016-08-18 10:02:24.09
   Code: 0x40043006
   Source: Import Oracle Employee Data SSIS.Pipeline
   Description: Prepare for Execute phase is beginning.
End Info
Info: 2016-08-18 10:02:24.11
   Code: 0x40043007
   Source: Import Oracle Employee Data SSIS.Pipeline
   Description: Pre-Execute phase is beginning.
End Info
Info: 2016-08-18 10:02:32.67
   Code: 0x4020F42C
   Source: Import Oracle Employee Data OLE DB Destination [145]
   Description: The Maximum insert commit size property of the OLE DB destination "component "OLE DB Destination" (145)" is set to 0. This property setting can cause the running package to stop responding. For more information, see the F1 Help topic for OLE DB Destination Editor (Connection Manager Page).
End Info
Info: 2016-08-18 10:02:32.67
   Code: 0x4004300C
   Source: Import Oracle Employee Data SSIS.Pipeline
   Description: Execute phase is beginning.
End Info
DataFlow: 2016-08-18 10:02:32.97
   Source: Import Oracle Employee Data 
   Component "OLE DB Destination" (145) will receive 6301 rows on input "OLE DB Destination Input" (158)
End DataFlow
DataFlow: 2016-08-18 10:02:33.14
   Source: Import Oracle Employee Data 
   Component "OLE DB Destination" (145) will receive 5006 rows on input "OLE DB Destination Input" (158)
End DataFlow
DataFlow: 2016-08-18 10:02:33.15
   Source: Import Oracle Employee Data 
   Component "OLE DB Destination" (145) was given end of rowset on input "OLE DB Destination Input" (158)
End DataFlow
DataFlow: 2016-08-18 10:02:33.15
   Source: Import Oracle Employee Data 
   Component "OLE DB Destination" (145) will receive 0 rows on input "OLE DB Destination Input" (158)
End DataFlow
Info: 2016-08-18 10:02:33.15
   Code: 0x402090DF
   Source: Import Oracle Employee Data OLE DB Destination [145]
   Description: The final commit for the data insertion in "component "OLE DB Destination" (145)" has started.
End Info
Info: 2016-08-18 10:02:33.18
   Code: 0x402090E0
   Source: Import Oracle Employee Data OLE DB Destination [145]
   Description: The final commit for the data insertion  in "component "OLE DB Destination" (145)" has ended.
End Info
Info: 2016-08-18 10:02:33.18
   Code: 0x40043008
   Source: Import Oracle Employee Data SSIS.Pipeline
   Description: Post Execute phase is beginning.
End Info
Info: 2016-08-18 10:02:33.18
   Code: 0x4004300B
   Source: Import Oracle Employee Data SSIS.Pipeline
   Description: "component "OLE DB Destination" (145)" wrote 11307 rows.
End Info
Info: 2016-08-18 10:02:33.18
   Code: 0x40043009
   Source: Import Oracle Employee Data SSIS.Pipeline
   Description: Cleanup phase is beginning.
End Info
DTExec: The package execution returned DTSER_SUCCESS (0).
Started:  10:01:36 AM
Finished: 10:02:33 AM
Elapsed:  56.363 seconds
